<?xml version="1.0" encoding="UTF-8"?>
<testsuite name="com.jojoldu.book.springboot.HelloControllerTest" tests="2" skipped="0" failures="0" errors="0" timestamp="2021-10-15T11:23:37" hostname="DennisH" time="0.146">
  <properties/>
  <testcase name="hello가_리턴된다" classname="com.jojoldu.book.springboot.HelloControllerTest" time="0.039"/>
  <testcase name="helloDto가_리턴된다" classname="com.jojoldu.book.springboot.HelloControllerTest" time="0.107"/>
  <system-out><![CDATA[2021-10-15 20:23:36.209  INFO 2960 --- [    Test worker] .b.t.a.w.s.WebMvcTestContextBootstrapper : Neither @ContextConfiguration nor @ContextHierarchy found for test class [com.jojoldu.book.springboot.HelloControllerTest], using SpringBootContextLoader
2021-10-15 20:23:36.212  INFO 2960 --- [    Test worker] o.s.t.c.support.AbstractContextLoader    : Could not detect default resource locations for test class [com.jojoldu.book.springboot.HelloControllerTest]: no resource found for suffixes {-context.xml, Context.groovy}.
2021-10-15 20:23:36.213  INFO 2960 --- [    Test worker] t.c.s.AnnotationConfigContextLoaderUtils : Could not detect default configuration classes for test class [com.jojoldu.book.springboot.HelloControllerTest]: HelloControllerTest does not declare any static, non-private, non-final, nested classes annotated with @Configuration.
2021-10-15 20:23:36.247  INFO 2960 --- [    Test worker] .b.t.c.SpringBootTestContextBootstrapper : Found @SpringBootConfiguration com.jojoldu.book.springboot.Application for test class com.jojoldu.book.springboot.HelloControllerTest
2021-10-15 20:23:36.248  INFO 2960 --- [    Test worker] .b.t.a.w.s.WebMvcTestContextBootstrapper : Loaded default TestExecutionListener class names from location [META-INF/spring.factories]: [org.springframework.security.test.context.support.WithSecurityContextTestExecutionListener, org.springframework.security.test.context.support.ReactorContextTestExecutionListener, org.springframework.boot.test.autoconfigure.restdocs.RestDocsTestExecutionListener, org.springframework.boot.test.autoconfigure.web.client.MockRestServiceServerResetTestExecutionListener, org.springframework.boot.test.autoconfigure.web.servlet.MockMvcPrintOnlyOnFailureTestExecutionListener, org.springframework.boot.test.autoconfigure.web.servlet.WebDriverTestExecutionListener, org.springframework.boot.test.mock.mockito.MockitoTestExecutionListener, org.springframework.boot.test.mock.mockito.ResetMocksTestExecutionListener, org.springframework.test.context.web.ServletTestExecutionListener, org.springframework.test.context.support.DirtiesContextBeforeModesTestExecutionListener, org.springframework.test.context.support.DependencyInjectionTestExecutionListener, org.springframework.test.context.support.DirtiesContextTestExecutionListener, org.springframework.test.context.transaction.TransactionalTestExecutionListener, org.springframework.test.context.jdbc.SqlScriptsTestExecutionListener]
2021-10-15 20:23:36.250  INFO 2960 --- [    Test worker] .b.t.a.w.s.WebMvcTestContextBootstrapper : Using TestExecutionListeners: [org.springframework.test.context.web.ServletTestExecutionListener@173d84ca, org.springframework.test.context.support.DirtiesContextBeforeModesTestExecutionListener@67114bbe, org.springframework.boot.test.mock.mockito.MockitoTestExecutionListener@76c06453, org.springframework.boot.test.autoconfigure.SpringBootDependencyInjectionTestExecutionListener@635a0d05, org.springframework.test.context.support.DirtiesContextTestExecutionListener@183ade70, org.springframework.test.context.transaction.TransactionalTestExecutionListener@751b3a72, org.springframework.test.context.jdbc.SqlScriptsTestExecutionListener@c3a7e, org.springframework.security.test.context.support.WithSecurityContextTestExecutionListener@330d2d5f, org.springframework.security.test.context.support.ReactorContextTestExecutionListener@7d8abc10, org.springframework.boot.test.autoconfigure.restdocs.RestDocsTestExecutionListener@516ed179, org.springframework.boot.test.autoconfigure.web.client.MockRestServiceServerResetTestExecutionListener@30d0cee0, org.springframework.boot.test.autoconfigure.web.servlet.MockMvcPrintOnlyOnFailureTestExecutionListener@6aed7a70, org.springframework.boot.test.autoconfigure.web.servlet.WebDriverTestExecutionListener@42af2101, org.springframework.boot.test.mock.mockito.ResetMocksTestExecutionListener@656dd534]

  .   ____          _            __ _ _
 /\\ / ___'_ __ _ _(_)_ __  __ _ \ \ \ \
( ( )\___ | '_ | '_| | '_ \/ _` | \ \ \ \
 \\/  ___)| |_)| | | | | || (_| |  ) ) ) )
  '  |____| .__|_| |_|_| |_\__, | / / / /
 =========|_|==============|___/=/_/_/_/
 :: Spring Boot ::        (v2.1.7.RELEASE)

2021-10-15 20:23:36.313  INFO 2960 --- [    Test worker] c.j.book.springboot.HelloControllerTest  : Starting HelloControllerTest on DennisH with PID 2960 (started by Dennis Hong in C:\Users\hym\Desktop\SpringBoot)
2021-10-15 20:23:36.314  INFO 2960 --- [    Test worker] c.j.book.springboot.HelloControllerTest  : No active profile set, falling back to default profiles: default
2021-10-15 20:23:37.001  INFO 2960 --- [    Test worker] o.s.s.concurrent.ThreadPoolTaskExecutor  : Initializing ExecutorService 'applicationTaskExecutor'
2021-10-15 20:23:37.053  INFO 2960 --- [    Test worker] o.s.b.a.w.s.WelcomePageHandlerMapping    : Adding welcome page template: index
2021-10-15 20:23:37.350  INFO 2960 --- [    Test worker] .s.s.UserDetailsServiceAutoConfiguration : 

Using generated security password: 85aae2b9-3da7-4418-a6f0-33a1e49916a4

2021-10-15 20:23:37.560  INFO 2960 --- [    Test worker] o.s.s.web.DefaultSecurityFilterChain     : Creating filter chain: any request, [org.springframework.security.web.context.request.async.WebAsyncManagerIntegrationFilter@224028a3, org.springframework.security.web.context.SecurityContextPersistenceFilter@7e5fc238, org.springframework.security.web.header.HeaderWriterFilter@3080870b, org.springframework.security.web.csrf.CsrfFilter@72c3d39a, org.springframework.security.web.authentication.logout.LogoutFilter@2fc5ab54, org.springframework.security.web.authentication.UsernamePasswordAuthenticationFilter@8e0d765, org.springframework.security.web.authentication.ui.DefaultLoginPageGeneratingFilter@78e0e211, org.springframework.security.web.authentication.ui.DefaultLogoutPageGeneratingFilter@1ab0d553, org.springframework.security.web.authentication.www.BasicAuthenticationFilter@3555dae3, org.springframework.security.web.savedrequest.RequestCacheAwareFilter@ef1911b, org.springframework.security.web.servletapi.SecurityContextHolderAwareRequestFilter@3a7de711, org.springframework.security.web.authentication.AnonymousAuthenticationFilter@1299624, org.springframework.security.web.session.SessionManagementFilter@5c33dd82, org.springframework.security.web.access.ExceptionTranslationFilter@1acd427a, org.springframework.security.web.access.intercept.FilterSecurityInterceptor@90da60f]
2021-10-15 20:23:37.584  INFO 2960 --- [    Test worker] o.s.b.t.m.w.SpringBootMockServletContext : Initializing Spring TestDispatcherServlet ''
2021-10-15 20:23:37.584  INFO 2960 --- [    Test worker] o.s.t.web.servlet.TestDispatcherServlet  : Initializing Servlet ''
2021-10-15 20:23:37.600  INFO 2960 --- [    Test worker] o.s.t.web.servlet.TestDispatcherServlet  : Completed initialization in 16 ms
2021-10-15 20:23:37.635  INFO 2960 --- [    Test worker] c.j.book.springboot.HelloControllerTest  : Started HelloControllerTest in 1.382 seconds (JVM running for 15.964)
]]></system-out>
  <system-err><![CDATA[]]></system-err>
</testsuite>
