<?xml version="1.0" encoding="UTF-8"?>
<testsuite name="com.jojoldu.book.springboot.domain.posts.PostRepositoryTest" tests="2" skipped="0" failures="0" errors="0" timestamp="2021-10-15T11:23:36" hostname="DennisH" time="0.196">
  <properties/>
  <testcase name="게시글저장_불러오기" classname="com.jojoldu.book.springboot.domain.posts.PostRepositoryTest" time="0.182"/>
  <testcase name="BaseTimeEntity_등록" classname="com.jojoldu.book.springboot.domain.posts.PostRepositoryTest" time="0.014"/>
  <system-out><![CDATA[2021-10-15 20:23:33.206  INFO 2960 --- [    Test worker] .b.t.c.SpringBootTestContextBootstrapper : Neither @ContextConfiguration nor @ContextHierarchy found for test class [com.jojoldu.book.springboot.domain.posts.PostRepositoryTest], using SpringBootContextLoader
2021-10-15 20:23:33.207  INFO 2960 --- [    Test worker] o.s.t.c.support.AbstractContextLoader    : Could not detect default resource locations for test class [com.jojoldu.book.springboot.domain.posts.PostRepositoryTest]: no resource found for suffixes {-context.xml, Context.groovy}.
2021-10-15 20:23:33.207  INFO 2960 --- [    Test worker] t.c.s.AnnotationConfigContextLoaderUtils : Could not detect default configuration classes for test class [com.jojoldu.book.springboot.domain.posts.PostRepositoryTest]: PostRepositoryTest does not declare any static, non-private, non-final, nested classes annotated with @Configuration.
2021-10-15 20:23:33.228  INFO 2960 --- [    Test worker] .b.t.c.SpringBootTestContextBootstrapper : Found @SpringBootConfiguration com.jojoldu.book.springboot.Application for test class com.jojoldu.book.springboot.domain.posts.PostRepositoryTest
2021-10-15 20:23:33.232  INFO 2960 --- [    Test worker] .b.t.c.SpringBootTestContextBootstrapper : Loaded default TestExecutionListener class names from location [META-INF/spring.factories]: [org.springframework.security.test.context.support.WithSecurityContextTestExecutionListener, org.springframework.security.test.context.support.ReactorContextTestExecutionListener, org.springframework.boot.test.autoconfigure.restdocs.RestDocsTestExecutionListener, org.springframework.boot.test.autoconfigure.web.client.MockRestServiceServerResetTestExecutionListener, org.springframework.boot.test.autoconfigure.web.servlet.MockMvcPrintOnlyOnFailureTestExecutionListener, org.springframework.boot.test.autoconfigure.web.servlet.WebDriverTestExecutionListener, org.springframework.boot.test.mock.mockito.MockitoTestExecutionListener, org.springframework.boot.test.mock.mockito.ResetMocksTestExecutionListener, org.springframework.test.context.web.ServletTestExecutionListener, org.springframework.test.context.support.DirtiesContextBeforeModesTestExecutionListener, org.springframework.test.context.support.DependencyInjectionTestExecutionListener, org.springframework.test.context.support.DirtiesContextTestExecutionListener, org.springframework.test.context.transaction.TransactionalTestExecutionListener, org.springframework.test.context.jdbc.SqlScriptsTestExecutionListener]
2021-10-15 20:23:33.234  INFO 2960 --- [    Test worker] .b.t.c.SpringBootTestContextBootstrapper : Using TestExecutionListeners: [org.springframework.test.context.web.ServletTestExecutionListener@5c0d63f6, org.springframework.test.context.support.DirtiesContextBeforeModesTestExecutionListener@b727186, org.springframework.boot.test.mock.mockito.MockitoTestExecutionListener@4bf86af9, org.springframework.boot.test.autoconfigure.SpringBootDependencyInjectionTestExecutionListener@381f0f8e, org.springframework.test.context.support.DirtiesContextTestExecutionListener@f3ac9a8, org.springframework.test.context.transaction.TransactionalTestExecutionListener@17dc7788, org.springframework.test.context.jdbc.SqlScriptsTestExecutionListener@1f7b7828, org.springframework.security.test.context.support.WithSecurityContextTestExecutionListener@5fd86736, org.springframework.security.test.context.support.ReactorContextTestExecutionListener@67682ec, org.springframework.boot.test.autoconfigure.restdocs.RestDocsTestExecutionListener@72e2d59d, org.springframework.boot.test.autoconfigure.web.client.MockRestServiceServerResetTestExecutionListener@369c49d1, org.springframework.boot.test.autoconfigure.web.servlet.MockMvcPrintOnlyOnFailureTestExecutionListener@2a6179e3, org.springframework.boot.test.autoconfigure.web.servlet.WebDriverTestExecutionListener@18b2ffa1, org.springframework.boot.test.mock.mockito.ResetMocksTestExecutionListener@7c189f17]

  .   ____          _            __ _ _
 /\\ / ___'_ __ _ _(_)_ __  __ _ \ \ \ \
( ( )\___ | '_ | '_| | '_ \/ _` | \ \ \ \
 \\/  ___)| |_)| | | | | || (_| |  ) ) ) )
  '  |____| .__|_| |_|_| |_\__, | / / / /
 =========|_|==============|___/=/_/_/_/
 :: Spring Boot ::        (v2.1.7.RELEASE)

2021-10-15 20:23:33.318  INFO 2960 --- [    Test worker] c.j.b.s.domain.posts.PostRepositoryTest  : Starting PostRepositoryTest on DennisH with PID 2960 (started by Dennis Hong in C:\Users\hym\Desktop\SpringBoot)
2021-10-15 20:23:33.319  INFO 2960 --- [    Test worker] c.j.b.s.domain.posts.PostRepositoryTest  : No active profile set, falling back to default profiles: default
2021-10-15 20:23:33.685  INFO 2960 --- [    Test worker] .s.d.r.c.RepositoryConfigurationDelegate : Bootstrapping Spring Data repositories in DEFAULT mode.
2021-10-15 20:23:33.730  INFO 2960 --- [    Test worker] .s.d.r.c.RepositoryConfigurationDelegate : Finished Spring Data repository scanning in 45ms. Found 2 repository interfaces.
2021-10-15 20:23:33.897  INFO 2960 --- [    Test worker] trationDelegate$BeanPostProcessorChecker : Bean 'org.springframework.transaction.annotation.ProxyTransactionManagementConfiguration' of type [org.springframework.transaction.annotation.ProxyTransactionManagementConfiguration$$EnhancerBySpringCGLIB$$891c217a] is not eligible for getting processed by all BeanPostProcessors (for example: not eligible for auto-proxying)
2021-10-15 20:23:34.041  INFO 2960 --- [    Test worker] com.zaxxer.hikari.HikariDataSource       : HikariPool-2 - Starting...
2021-10-15 20:23:34.042  INFO 2960 --- [    Test worker] com.zaxxer.hikari.HikariDataSource       : HikariPool-2 - Start completed.
2021-10-15 20:23:34.089  INFO 2960 --- [    Test worker] o.hibernate.jpa.internal.util.LogHelper  : HHH000204: Processing PersistenceUnitInfo [
	name: default
	...]
2021-10-15 20:23:34.107  INFO 2960 --- [    Test worker] org.hibernate.dialect.Dialect            : HHH000400: Using dialect: org.hibernate.dialect.MySQL5InnoDBDialect
Hibernate: drop table if exists posts
Hibernate: drop table if exists user
Hibernate: create table posts (id bigint not null auto_increment, created_date datetime, modified_date datetime, author varchar(255), content TEXT not null, title varchar(500) not null, primary key (id)) engine=InnoDB
Hibernate: create table user (id bigint not null auto_increment, created_date datetime, modified_date datetime, email varchar(255) not null, name varchar(255) not null, picture varchar(255), role varchar(255) not null, primary key (id)) engine=InnoDB
2021-10-15 20:23:34.166  INFO 2960 --- [    Test worker] o.h.t.schema.internal.SchemaCreatorImpl  : HHH000476: Executing import script 'org.hibernate.tool.schema.internal.exec.ScriptSourceInputNonExistentImpl@783defb7'
2021-10-15 20:23:34.167  INFO 2960 --- [    Test worker] j.LocalContainerEntityManagerFactoryBean : Initialized JPA EntityManagerFactory for persistence unit 'default'
2021-10-15 20:23:34.477  INFO 2960 --- [    Test worker] o.h.h.i.QueryTranslatorFactoryInitiator  : HHH000397: Using ASTQueryTranslatorFactory
2021-10-15 20:23:34.749  INFO 2960 --- [    Test worker] o.s.s.web.DefaultSecurityFilterChain     : Creating filter chain: any request, [org.springframework.security.web.context.request.async.WebAsyncManagerIntegrationFilter@58b32a58, org.springframework.security.web.context.SecurityContextPersistenceFilter@5210afa0, org.springframework.security.web.header.HeaderWriterFilter@51d76907, org.springframework.security.web.authentication.logout.LogoutFilter@7634a8e, org.springframework.security.oauth2.client.web.OAuth2AuthorizationRequestRedirectFilter@4ad18748, org.springframework.security.oauth2.client.web.OAuth2LoginAuthenticationFilter@34d444bb, org.springframework.security.web.authentication.ui.DefaultLoginPageGeneratingFilter@5059928a, org.springframework.security.web.authentication.ui.DefaultLogoutPageGeneratingFilter@1ef5069d, org.springframework.security.web.savedrequest.RequestCacheAwareFilter@6bbcbb3d, org.springframework.security.web.servletapi.SecurityContextHolderAwareRequestFilter@149681c, org.springframework.security.web.authentication.AnonymousAuthenticationFilter@585839cc, org.springframework.security.web.session.SessionManagementFilter@19190b14, org.springframework.security.web.access.ExceptionTranslationFilter@444fbb44, org.springframework.security.web.access.intercept.FilterSecurityInterceptor@3ebf17e4]
2021-10-15 20:23:35.249  INFO 2960 --- [    Test worker] o.s.s.concurrent.ThreadPoolTaskExecutor  : Initializing ExecutorService 'applicationTaskExecutor'
2021-10-15 20:23:35.271  WARN 2960 --- [    Test worker] aWebConfiguration$JpaWebMvcConfiguration : spring.jpa.open-in-view is enabled by default. Therefore, database queries may be performed during view rendering. Explicitly configure spring.jpa.open-in-view to disable this warning
2021-10-15 20:23:35.320  INFO 2960 --- [    Test worker] o.s.b.a.w.s.WelcomePageHandlerMapping    : Adding welcome page template: index
2021-10-15 20:23:35.987  INFO 2960 --- [    Test worker] s.a.ScheduledAnnotationBeanPostProcessor : No TaskScheduler/ScheduledExecutorService bean found for scheduled processing
2021-10-15 20:23:35.989  INFO 2960 --- [    Test worker] c.j.b.s.domain.posts.PostRepositoryTest  : Started PostRepositoryTest in 2.74 seconds (JVM running for 14.318)
Hibernate: insert into posts (created_date, modified_date, author, content, title) values (?, ?, ?, ?, ?)
Hibernate: select posts0_.id as id1_0_, posts0_.created_date as created_2_0_, posts0_.modified_date as modified3_0_, posts0_.author as author4_0_, posts0_.content as content5_0_, posts0_.title as title6_0_ from posts posts0_
Hibernate: select posts0_.id as id1_0_, posts0_.created_date as created_2_0_, posts0_.modified_date as modified3_0_, posts0_.author as author4_0_, posts0_.content as content5_0_, posts0_.title as title6_0_ from posts posts0_
Hibernate: delete from posts where id=?
Hibernate: insert into posts (created_date, modified_date, author, content, title) values (?, ?, ?, ?, ?)
Hibernate: select posts0_.id as id1_0_, posts0_.created_date as created_2_0_, posts0_.modified_date as modified3_0_, posts0_.author as author4_0_, posts0_.content as content5_0_, posts0_.title as title6_0_ from posts posts0_
>>>>>>>>> createDate=2021-10-15T20:23:36.190, modifiedDate=2021-10-15T20:23:36.190
Hibernate: select posts0_.id as id1_0_, posts0_.created_date as created_2_0_, posts0_.modified_date as modified3_0_, posts0_.author as author4_0_, posts0_.content as content5_0_, posts0_.title as title6_0_ from posts posts0_
Hibernate: delete from posts where id=?
]]></system-out>
  <system-err><![CDATA[]]></system-err>
</testsuite>
